<?xml version="1.0" encoding="UTF-8"?>
<!-- Generated by org.testng.reporters.JUnitReportReporter -->
<testsuite skipped="0" hostname="CBT-MH-000" name="net.Phptravels.phptravels.net.Phptravels.phptravels.TesSignUp" tests="1" failures="0" timestamp="11 Oct 2019 12:27:47 GMT" time="5.399" errors="0">
  <testcase name="runtest" time="5.399" classname="net.Phptravels.phptravels.net.Phptravels.phptravels.TesSignUp"/>
</testsuite> <!-- net.Phptravels.phptravels.net.Phptravels.phptravels.TesSignUp -->
