<?xml version="1.0" encoding="UTF-8"?>
<!-- Generated by org.testng.reporters.JUnitReportReporter -->
<testsuite skipped="0" hostname="CBT-MH-000" name="net.Phptravels.phptravels.net.Phptravels.phptravels.TestTour" tests="1" failures="0" timestamp="11 Oct 2019 12:54:20 GMT" time="28.721" errors="0">
  <testcase name="runtest" time="28.721" classname="net.Phptravels.phptravels.net.Phptravels.phptravels.TestTour"/>
</testsuite> <!-- net.Phptravels.phptravels.net.Phptravels.phptravels.TestTour -->
